# JRE version: Java(TM) SE Runtime Environment (8.0_152-b16) (build 1.8.0_152-b16)
# Java VM: Java HotSpot(TM) 64-Bit Server VM (25.152-b16 mixed mode windows-amd64 compressed oops)
Heap:
 PSYoungGen      total 478208K, used 110651K [0x00000000d5580000, 0x00000000fde00000, 0x0000000100000000)
  eden space 424960K, 24% used [0x00000000d5580000,0x00000000dbc8ece8,0x00000000ef480000)
  from space 53248K, 9% used [0x00000000f3880000,0x00000000f3d80010,0x00000000f6c80000)
  to   space 69632K, 0% used [0x00000000ef480000,0x00000000ef480000,0x00000000f3880000)
 ParOldGen       total 173568K, used 116312K [0x0000000080000000, 0x000000008a980000, 0x00000000d5580000)
  object space 173568K, 67% used [0x0000000080000000,0x0000000087196398,0x000000008a980000)
 Metaspace       used 119837K, capacity 127010K, committed 129408K, reserved 1161216K
  class space    used 15420K, capacity 16742K, committed 17024K, reserved 1048576K
GC Heap History (10 events):
Event: 721.694 GC heap before
{Heap before GC invocations=27 (full 4):
 PSYoungGen      total 489472K, used 480612K [0x00000000d5580000, 0x00000000f9880000, 0x0000000100000000)
  eden space 436224K, 100% used [0x00000000d5580000,0x00000000eff80000,0x00000000eff80000)
  from space 53248K, 83% used [0x00000000f3880000,0x00000000f63d9378,0x00000000f6c80000)
  to   space 58368K, 0% used [0x00000000eff80000,0x00000000eff80000,0x00000000f3880000)
 ParOldGen       total 173568K, used 99960K [0x0000000080000000, 0x000000008a980000, 0x00000000d5580000)
  object space 173568K, 57% used [0x0000000080000000,0x000000008619e080,0x000000008a980000)
 Metaspace       used 121362K, capacity 128832K, committed 129152K, reserved 1161216K
  class space    used 15523K, capacity 16911K, committed 17024K, reserved 1048576K
Event: 721.777 GC heap after
Heap after GC invocations=27 (full 4):
 PSYoungGen      total 494592K, used 58366K [0x00000000d5580000, 0x00000000f9880000, 0x0000000100000000)
  eden space 436224K, 0% used [0x00000000d5580000,0x00000000d5580000,0x00000000eff80000)
  from space 58368K, 99% used [0x00000000eff80000,0x00000000f387f9d8,0x00000000f3880000)
  to   space 53248K, 0% used [0x00000000f3880000,0x00000000f3880000,0x00000000f6c80000)
 ParOldGen       total 173568K, used 110028K [0x0000000080000000, 0x000000008a980000, 0x00000000d5580000)
  object space 173568K, 63% used [0x0000000080000000,0x0000000086b73168,0x000000008a980000)
 Metaspace       used 121362K, capacity 128832K, committed 129152K, reserved 1161216K
  class space    used 15523K, capacity 16911K, committed 17024K, reserved 1048576K
}
Event: 722.980 GC heap before
{Heap before GC invocations=28 (full 4):
 PSYoungGen      total 494592K, used 494590K [0x00000000d5580000, 0x00000000f9880000, 0x0000000100000000)
  eden space 436224K, 100% used [0x00000000d5580000,0x00000000eff80000,0x00000000eff80000)
  from space 58368K, 99% used [0x00000000eff80000,0x00000000f387f9d8,0x00000000f3880000)
  to   space 53248K, 0% used [0x00000000f3880000,0x00000000f3880000,0x00000000f6c80000)
 ParOldGen       total 173568K, used 110028K [0x0000000080000000, 0x000000008a980000, 0x00000000d5580000)
  object space 173568K, 63% used [0x0000000080000000,0x0000000086b73168,0x000000008a980000)
 Metaspace       used 121664K, capacity 129164K, committed 129408K, reserved 1161216K
  class space    used 15574K, capacity 16969K, committed 17024K, reserved 1048576K
Event: 723.058 GC heap after
Heap after GC invocations=28 (full 4):
 PSYoungGen      total 489472K, used 45383K [0x00000000d5580000, 0x00000000f9880000, 0x0000000100000000)
  eden space 436224K, 0% used [0x00000000d5580000,0x00000000d5580000,0x00000000eff80000)
  from space 53248K, 85% used [0x00000000f3880000,0x00000000f64d1f30,0x00000000f6c80000)
  to   space 58368K, 0% used [0x00000000eff80000,0x00000000eff80000,0x00000000f3880000)
 ParOldGen       total 173568K, used 132763K [0x0000000080000000, 0x000000008a980000, 0x00000000d5580000)
  object space 173568K, 76% used [0x0000000080000000,0x00000000881a6c20,0x000000008a980000)
 Metaspace       used 121664K, capacity 129164K, committed 129408K, reserved 1161216K
  class space    used 15574K, capacity 16969K, committed 17024K, reserved 1048576K
}
Event: 724.396 GC heap before
{Heap before GC invocations=29 (full 4):
 PSYoungGen      total 489472K, used 481607K [0x00000000d5580000, 0x00000000f9880000, 0x0000000100000000)
  eden space 436224K, 100% used [0x00000000d5580000,0x00000000eff80000,0x00000000eff80000)
  from space 53248K, 85% used [0x00000000f3880000,0x00000000f64d1f30,0x00000000f6c80000)
  to   space 58368K, 0% used [0x00000000eff80000,0x00000000eff80000,0x00000000f3880000)
 ParOldGen       total 173568K, used 132763K [0x0000000080000000, 0x000000008a980000, 0x00000000d5580000)
  object space 173568K, 76% used [0x0000000080000000,0x00000000881a6c20,0x000000008a980000)
 Metaspace       used 121841K, capacity 129338K, committed 129408K, reserved 1161216K
  class space    used 15587K, capacity 16980K, committed 17024K, reserved 1048576K
Event: 724.435 GC heap after
Heap after GC invocations=29 (full 4):
 PSYoungGen      total 494592K, used 29603K [0x00000000d5580000, 0x00000000f9880000, 0x0000000100000000)
  eden space 436224K, 0% used [0x00000000d5580000,0x00000000d5580000,0x00000000eff80000)
  from space 58368K, 50% used [0x00000000eff80000,0x00000000f1c68d78,0x00000000f3880000)
  to   space 53248K, 0% used [0x00000000f3880000,0x00000000f3880000,0x00000000f6c80000)
 ParOldGen       total 173568K, used 147414K [0x0000000080000000, 0x000000008a980000, 0x00000000d5580000)
  object space 173568K, 84% used [0x0000000080000000,0x0000000088ff5a20,0x000000008a980000)
 Metaspace       used 121841K, capacity 129338K, committed 129408K, reserved 1161216K
  class space    used 15587K, capacity 16980K, committed 17024K, reserved 1048576K
}
Event: 724.435 GC heap before
{Heap before GC invocations=30 (full 5):
 PSYoungGen      total 494592K, used 29603K [0x00000000d5580000, 0x00000000f9880000, 0x0000000100000000)
  eden space 436224K, 0% used [0x00000000d5580000,0x00000000d5580000,0x00000000eff80000)
  from space 58368K, 50% used [0x00000000eff80000,0x00000000f1c68d78,0x00000000f3880000)
  to   space 53248K, 0% used [0x00000000f3880000,0x00000000f3880000,0x00000000f6c80000)
 ParOldGen       total 173568K, used 147414K [0x0000000080000000, 0x000000008a980000, 0x00000000d5580000)
  object space 173568K, 84% used [0x0000000080000000,0x0000000088ff5a20,0x000000008a980000)
 Metaspace       used 121841K, capacity 129338K, committed 129408K, reserved 1161216K
  class space    used 15587K, capacity 16980K, committed 17024K, reserved 1048576K
Event: 724.790 GC heap after
Heap after GC invocations=30 (full 5):
 PSYoungGen      total 494592K, used 0K [0x00000000d5580000, 0x00000000f9880000, 0x0000000100000000)
  eden space 436224K, 0% used [0x00000000d5580000,0x00000000d5580000,0x00000000eff80000)
  from space 58368K, 0% used [0x00000000eff80000,0x00000000eff80000,0x00000000f3880000)
  to   space 53248K, 0% used [0x00000000f3880000,0x00000000f3880000,0x00000000f6c80000)
 ParOldGen       total 173568K, used 116304K [0x0000000080000000, 0x000000008a980000, 0x00000000d5580000)
  object space 173568K, 67% used [0x0000000080000000,0x0000000087194398,0x000000008a980000)
 Metaspace       used 119832K, capacity 127000K, committed 129408K, reserved 1161216K
  class space    used 15419K, capacity 16741K, committed 17024K, reserved 1048576K
}
Event: 725.949 GC heap before
{Heap before GC invocations=31 (full 5):
 PSYoungGen      total 494592K, used 436224K [0x00000000d5580000, 0x00000000f9880000, 0x0000000100000000)
  eden space 436224K, 100% used [0x00000000d5580000,0x00000000eff80000,0x00000000eff80000)
  from space 58368K, 0% used [0x00000000eff80000,0x00000000eff80000,0x00000000f3880000)
  to   space 53248K, 0% used [0x00000000f3880000,0x00000000f3880000,0x00000000f6c80000)
 ParOldGen       total 173568K, used 116304K [0x0000000080000000, 0x000000008a980000, 0x00000000d5580000)
  object space 173568K, 67% used [0x0000000080000000,0x0000000087194398,0x000000008a980000)
 Metaspace       used 119836K, capacity 127010K, committed 129408K, reserved 1161216K
  class space    used 15420K, capacity 16742K, committed 17024K, reserved 1048576K
Event: 725.960 GC heap after
Heap after GC invocations=31 (full 5):
 PSYoungGen      total 478208K, used 5120K [0x00000000d5580000, 0x00000000fde00000, 0x0000000100000000)
  eden space 424960K, 0% used [0x00000000d5580000,0x00000000d5580000,0x00000000ef480000)
  from space 53248K, 9% used [0x00000000f3880000,0x00000000f3d80010,0x00000000f6c80000)
  to   space 69632K, 0% used [0x00000000ef480000,0x00000000ef480000,0x00000000f3880000)
 ParOldGen       total 173568K, used 116312K [0x0000000080000000, 0x000000008a980000, 0x00000000d5580000)
  object space 173568K, 67% used [0x0000000080000000,0x0000000087196398,0x000000008a980000)
 Metaspace       used 119836K, capacity 127010K, committed 129408K, reserved 1161216K
  class space    used 15420K, capacity 16742K, committed 17024K, reserved 1048576K
}

