# JRE version: Java(TM) SE Runtime Environment (8.0_152-b16) (build 1.8.0_152-b16)
# Java VM: Java HotSpot(TM) 64-Bit Server VM (25.152-b16 mixed mode windows-amd64 compressed oops)
Heap:
 PSYoungGen      total 445952K, used 167410K [0x00000000d5580000, 0x00000000f3980000, 0x0000000100000000)
  eden space 400896K, 36% used [0x00000000d5580000,0x00000000de494f60,0x00000000edd00000)
  from space 45056K, 46% used [0x00000000edd00000,0x00000000ef167a80,0x00000000f0900000)
  to   space 44032K, 0% used [0x00000000f0900000,0x00000000f0900000,0x00000000f3400000)
 ParOldGen       total 105984K, used 105884K [0x0000000080000000, 0x0000000086780000, 0x00000000d5580000)
  object space 105984K, 99% used [0x0000000080000000,0x0000000086767258,0x0000000086780000)
 Metaspace       used 87017K, capacity 91368K, committed 91520K, reserved 1128448K
  class space    used 12039K, capacity 12869K, committed 12928K, reserved 1048576K
GC Heap History (10 events):
Event: 29.979 GC heap before
{Heap before GC invocations=21 (full 3):
 PSYoungGen      total 445952K, used 428582K [0x00000000d5580000, 0x00000000f3980000, 0x0000000100000000)
  eden space 400896K, 100% used [0x00000000d5580000,0x00000000edd00000,0x00000000edd00000)
  from space 45056K, 61% used [0x00000000edd00000,0x00000000ef8099c8,0x00000000f0900000)
  to   space 44032K, 0% used [0x00000000f0900000,0x00000000f0900000,0x00000000f3400000)
 ParOldGen       total 98816K, used 79249K [0x0000000080000000, 0x0000000086080000, 0x00000000d5580000)
  object space 98816K, 80% used [0x0000000080000000,0x0000000084d64558,0x0000000086080000)
 Metaspace       used 82745K, capacity 87062K, committed 87296K, reserved 1124352K
  class space    used 11446K, capacity 12260K, committed 12288K, reserved 1048576K
Event: 30.010 GC heap after
Heap after GC invocations=21 (full 3):
 PSYoungGen      total 444928K, used 24938K [0x00000000d5580000, 0x00000000f3980000, 0x0000000100000000)
  eden space 400896K, 0% used [0x00000000d5580000,0x00000000d5580000,0x00000000edd00000)
  from space 44032K, 56% used [0x00000000f0900000,0x00000000f215a958,0x00000000f3400000)
  to   space 45056K, 0% used [0x00000000edd00000,0x00000000edd00000,0x00000000f0900000)
 ParOldGen       total 98816K, used 79249K [0x0000000080000000, 0x0000000086080000, 0x00000000d5580000)
  object space 98816K, 80% used [0x0000000080000000,0x0000000084d64558,0x0000000086080000)
 Metaspace       used 82745K, capacity 87062K, committed 87296K, reserved 1124352K
  class space    used 11446K, capacity 12260K, committed 12288K, reserved 1048576K
}
Event: 31.599 GC heap before
{Heap before GC invocations=22 (full 3):
 PSYoungGen      total 444928K, used 425834K [0x00000000d5580000, 0x00000000f3980000, 0x0000000100000000)
  eden space 400896K, 100% used [0x00000000d5580000,0x00000000edd00000,0x00000000edd00000)
  from space 44032K, 56% used [0x00000000f0900000,0x00000000f215a958,0x00000000f3400000)
  to   space 45056K, 0% used [0x00000000edd00000,0x00000000edd00000,0x00000000f0900000)
 ParOldGen       total 98816K, used 79249K [0x0000000080000000, 0x0000000086080000, 0x00000000d5580000)
  object space 98816K, 80% used [0x0000000080000000,0x0000000084d64558,0x0000000086080000)
 Metaspace       used 83154K, capacity 87510K, committed 87680K, reserved 1124352K
  class space    used 11493K, capacity 12312K, committed 12416K, reserved 1048576K
Event: 31.634 GC heap after
Heap after GC invocations=22 (full 3):
 PSYoungGen      total 445952K, used 25417K [0x00000000d5580000, 0x00000000f3980000, 0x0000000100000000)
  eden space 400896K, 0% used [0x00000000d5580000,0x00000000d5580000,0x00000000edd00000)
  from space 45056K, 56% used [0x00000000edd00000,0x00000000ef5d2588,0x00000000f0900000)
  to   space 44032K, 0% used [0x00000000f0900000,0x00000000f0900000,0x00000000f3400000)
 ParOldGen       total 98816K, used 79249K [0x0000000080000000, 0x0000000086080000, 0x00000000d5580000)
  object space 98816K, 80% used [0x0000000080000000,0x0000000084d64558,0x0000000086080000)
 Metaspace       used 83154K, capacity 87510K, committed 87680K, reserved 1124352K
  class space    used 11493K, capacity 12312K, committed 12416K, reserved 1048576K
}
Event: 33.539 GC heap before
{Heap before GC invocations=23 (full 3):
 PSYoungGen      total 445952K, used 426313K [0x00000000d5580000, 0x00000000f3980000, 0x0000000100000000)
  eden space 400896K, 100% used [0x00000000d5580000,0x00000000edd00000,0x00000000edd00000)
  from space 45056K, 56% used [0x00000000edd00000,0x00000000ef5d2588,0x00000000f0900000)
  to   space 44032K, 0% used [0x00000000f0900000,0x00000000f0900000,0x00000000f3400000)
 ParOldGen       total 98816K, used 79249K [0x0000000080000000, 0x0000000086080000, 0x00000000d5580000)
  object space 98816K, 80% used [0x0000000080000000,0x0000000084d64558,0x0000000086080000)
 Metaspace       used 83460K, capacity 87776K, committed 87936K, reserved 1124352K
  class space    used 11525K, capacity 12353K, committed 12416K, reserved 1048576K
Event: 33.558 GC heap after
Heap after GC invocations=23 (full 3):
 PSYoungGen      total 444928K, used 21682K [0x00000000d5580000, 0x00000000f3980000, 0x0000000100000000)
  eden space 400896K, 0% used [0x00000000d5580000,0x00000000d5580000,0x00000000edd00000)
  from space 44032K, 49% used [0x00000000f0900000,0x00000000f1e2cb38,0x00000000f3400000)
  to   space 45056K, 0% used [0x00000000edd00000,0x00000000edd00000,0x00000000f0900000)
 ParOldGen       total 98816K, used 79249K [0x0000000080000000, 0x0000000086080000, 0x00000000d5580000)
  object space 98816K, 80% used [0x0000000080000000,0x0000000084d64558,0x0000000086080000)
 Metaspace       used 83460K, capacity 87776K, committed 87936K, reserved 1124352K
  class space    used 11525K, capacity 12353K, committed 12416K, reserved 1048576K
}
Event: 36.106 GC heap before
{Heap before GC invocations=24 (full 3):
 PSYoungGen      total 444928K, used 422578K [0x00000000d5580000, 0x00000000f3980000, 0x0000000100000000)
  eden space 400896K, 100% used [0x00000000d5580000,0x00000000edd00000,0x00000000edd00000)
  from space 44032K, 49% used [0x00000000f0900000,0x00000000f1e2cb38,0x00000000f3400000)
  to   space 45056K, 0% used [0x00000000edd00000,0x00000000edd00000,0x00000000f0900000)
 ParOldGen       total 98816K, used 79249K [0x0000000080000000, 0x0000000086080000, 0x00000000d5580000)
  object space 98816K, 80% used [0x0000000080000000,0x0000000084d64558,0x0000000086080000)
 Metaspace       used 83893K, capacity 88320K, committed 88448K, reserved 1126400K
  class space    used 11558K, capacity 12409K, committed 12416K, reserved 1048576K
Event: 36.189 GC heap after
Heap after GC invocations=24 (full 3):
 PSYoungGen      total 445952K, used 45038K [0x00000000d5580000, 0x00000000f3980000, 0x0000000100000000)
  eden space 400896K, 0% used [0x00000000d5580000,0x00000000d5580000,0x00000000edd00000)
  from space 45056K, 99% used [0x00000000edd00000,0x00000000f08fba60,0x00000000f0900000)
  to   space 44032K, 0% used [0x00000000f0900000,0x00000000f0900000,0x00000000f3400000)
 ParOldGen       total 105984K, used 105479K [0x0000000080000000, 0x0000000086780000, 0x00000000d5580000)
  object space 105984K, 99% used [0x0000000080000000,0x0000000086701e98,0x0000000086780000)
 Metaspace       used 83893K, capacity 88320K, committed 88448K, reserved 1126400K
  class space    used 11558K, capacity 12409K, committed 12416K, reserved 1048576K
}
Event: 36.189 GC heap before
{Heap before GC invocations=25 (full 4):
 PSYoungGen      total 445952K, used 45038K [0x00000000d5580000, 0x00000000f3980000, 0x0000000100000000)
  eden space 400896K, 0% used [0x00000000d5580000,0x00000000d5580000,0x00000000edd00000)
  from space 45056K, 99% used [0x00000000edd00000,0x00000000f08fba60,0x00000000f0900000)
  to   space 44032K, 0% used [0x00000000f0900000,0x00000000f0900000,0x00000000f3400000)
 ParOldGen       total 105984K, used 105479K [0x0000000080000000, 0x0000000086780000, 0x00000000d5580000)
  object space 105984K, 99% used [0x0000000080000000,0x0000000086701e98,0x0000000086780000)
 Metaspace       used 83893K, capacity 88320K, committed 88448K, reserved 1126400K
  class space    used 11558K, capacity 12409K, committed 12416K, reserved 1048576K
Event: 36.689 GC heap after
Heap after GC invocations=25 (full 4):
 PSYoungGen      total 445952K, used 20894K [0x00000000d5580000, 0x00000000f3980000, 0x0000000100000000)
  eden space 400896K, 0% used [0x00000000d5580000,0x00000000d5580000,0x00000000edd00000)
  from space 45056K, 46% used [0x00000000edd00000,0x00000000ef167a80,0x00000000f0900000)
  to   space 44032K, 0% used [0x00000000f0900000,0x00000000f0900000,0x00000000f3400000)
 ParOldGen       total 105984K, used 105884K [0x0000000080000000, 0x0000000086780000, 0x00000000d5580000)
  object space 105984K, 99% used [0x0000000080000000,0x0000000086767258,0x0000000086780000)
 Metaspace       used 83737K, capacity 87874K, committed 88448K, reserved 1126400K
  class space    used 11506K, capacity 12318K, committed 12416K, reserved 1048576K
}

